<?xml version="1.0" encoding="UTF-8"?>
<!-- Generated by org.testng.reporters.JUnitXMLReporter -->
<testsuite ignored="17" hostname="DESKTOP-7R46V5R" failures="0" tests="1" name="Default test" time="33.604" errors="0" timestamp="2025-03-28T11:55:20 IST">
  <testcase classname="onpepper.Data_Analytics.Tests.SourceFile_Upload_Validation" name="checkMandatoryFields" time="4.218"/>
  <testcase classname="onpepper.Data_Analytics.Tests.SourceFile_Upload_Validation" name="uploadMasterFileforPCOF" time="0.0">
    <ignored/>
  </testcase> <!-- uploadMasterFileforPCOF -->
  <testcase classname="onpepper.Data_Analytics.Tests.SourceFile_Upload_Validation" name="uploadMarketFileforPFLT" time="0.0">
    <ignored/>
  </testcase> <!-- uploadMarketFileforPFLT -->
  <testcase classname="onpepper.Data_Analytics.Tests.SourceFile_Upload_Validation" name="uploadMasterFileforAllFunds" time="0.0">
    <ignored/>
  </testcase> <!-- uploadMasterFileforAllFunds -->
  <testcase classname="onpepper.Data_Analytics.Tests.SourceFile_Upload_Validation" name="uploadMarketFileforALL" time="0.0">
    <ignored/>
  </testcase> <!-- uploadMarketFileforALL -->
  <testcase classname="onpepper.Data_Analytics.Tests.SourceFile_Upload_Validation" name="wrongFile" time="0.0">
    <ignored/>
  </testcase> <!-- wrongFile -->
  <testcase classname="onpepper.Data_Analytics.Tests.SourceFile_Upload_Validation" name="resetModal" time="0.0">
    <ignored/>
  </testcase> <!-- resetModal -->
  <testcase classname="onpepper.Data_Analytics.Tests.SourceFile_Upload_Validation" name="uploadmultipleMarketFileforALL" time="0.0">
    <ignored/>
  </testcase> <!-- uploadmultipleMarketFileforALL -->
  <testcase classname="onpepper.Data_Analytics.Tests.SourceFile_Upload_Validation" name="uploadMasterFileforPFLT" time="0.0">
    <ignored/>
  </testcase> <!-- uploadMasterFileforPFLT -->
  <testcase classname="onpepper.Data_Analytics.Tests.SourceFile_Upload_Validation" name="checkMandatoryFields5" time="0.0">
    <ignored/>
  </testcase> <!-- checkMandatoryFields5 -->
  <testcase classname="onpepper.Data_Analytics.Tests.SourceFile_Upload_Validation" name="uploadCashFileforAll" time="0.0">
    <ignored/>
  </testcase> <!-- uploadCashFileforAll -->
  <testcase classname="onpepper.Data_Analytics.Tests.SourceFile_Upload_Validation" name="uploadCashFileforPFLT" time="0.0">
    <ignored/>
  </testcase> <!-- uploadCashFileforPFLT -->
  <testcase classname="onpepper.Data_Analytics.Tests.SourceFile_Upload_Validation" name="uploadMarketFileforPCOF" time="0.0">
    <ignored/>
  </testcase> <!-- uploadMarketFileforPCOF -->
  <testcase classname="onpepper.Data_Analytics.Tests.SourceFile_Upload_Validation" name="uploadCashFileforPCOF" time="0.0">
    <ignored/>
  </testcase> <!-- uploadCashFileforPCOF -->
  <testcase classname="onpepper.Data_Analytics.Tests.SourceFile_Upload_Validation" name="checkMandatoryFields3" time="0.0">
    <ignored/>
  </testcase> <!-- checkMandatoryFields3 -->
  <testcase classname="onpepper.Data_Analytics.Tests.SourceFile_Upload_Validation" name="DupliateFile" time="0.0">
    <ignored/>
  </testcase> <!-- DupliateFile -->
  <testcase classname="onpepper.Data_Analytics.Tests.SourceFile_Upload_Validation" name="checkMandatoryFields4" time="0.0">
    <ignored/>
  </testcase> <!-- checkMandatoryFields4 -->
  <testcase classname="onpepper.Data_Analytics.Tests.SourceFile_Upload_Validation" name="checkMandatoryFields2" time="0.0">
    <ignored/>
  </testcase> <!-- checkMandatoryFields2 -->
</testsuite> <!-- Default test -->
