<?xml version="1.0" encoding="UTF-8"?>
<!-- Generated by org.testng.reporters.JUnitXMLReporter -->
<testsuite ignored="24" hostname="DESKTOP-7R46V5R" failures="0" tests="1" name="Default test" time="21.744" errors="0" timestamp="2026-01-08T12:00:16 IST">
  <testcase classname="onpepper.Data_Analytics.Tests.Export_Reports" name="use_WIA_PSCF_fund" time="14.105"/>
  <testcase classname="onpepper.Data_Analytics.Tests.Export_Reports" name="reuse_PSSL_fund" time="0.0">
    <ignored/>
  </testcase> <!-- reuse_PSSL_fund -->
  <testcase classname="onpepper.Data_Analytics.Tests.Export_Reports" name="export_Report_PSCF" time="0.0">
    <ignored/>
  </testcase> <!-- export_Report_PSCF -->
  <testcase classname="onpepper.Data_Analytics.Tests.Export_Reports" name="export_Report_PCOF" time="0.0">
    <ignored/>
  </testcase> <!-- export_Report_PCOF -->
  <testcase classname="onpepper.Data_Analytics.Tests.Export_Reports" name="reuse_PSLF_fund" time="0.0">
    <ignored/>
  </testcase> <!-- reuse_PSLF_fund -->
  <testcase classname="onpepper.Data_Analytics.Tests.Export_Reports" name="reuse_PSCF_fund" time="0.0">
    <ignored/>
  </testcase> <!-- reuse_PSCF_fund -->
  <testcase classname="onpepper.Data_Analytics.Tests.Export_Reports" name="view_Report_PFLT" time="0.0">
    <ignored/>
  </testcase> <!-- view_Report_PFLT -->
  <testcase classname="onpepper.Data_Analytics.Tests.Export_Reports" name="wia_PSLF_fund" time="0.0">
    <ignored/>
  </testcase> <!-- wia_PSLF_fund -->
  <testcase classname="onpepper.Data_Analytics.Tests.Export_Reports" name="wia_PCOF_fund" time="0.0">
    <ignored/>
  </testcase> <!-- wia_PCOF_fund -->
  <testcase classname="onpepper.Data_Analytics.Tests.Export_Reports" name="use_WIA_PSSL_fund" time="0.0">
    <ignored/>
  </testcase> <!-- use_WIA_PSSL_fund -->
  <testcase classname="onpepper.Data_Analytics.Tests.Export_Reports" name="wia_PSCF_fund" time="0.0">
    <ignored/>
  </testcase> <!-- wia_PSCF_fund -->
  <testcase classname="onpepper.Data_Analytics.Tests.Export_Reports" name="view_Report_PSCF" time="0.0">
    <ignored/>
  </testcase> <!-- view_Report_PSCF -->
  <testcase classname="onpepper.Data_Analytics.Tests.Export_Reports" name="view_Report_PSLF" time="0.0">
    <ignored/>
  </testcase> <!-- view_Report_PSLF -->
  <testcase classname="onpepper.Data_Analytics.Tests.Export_Reports" name="export_Report_PSLF" time="0.0">
    <ignored/>
  </testcase> <!-- export_Report_PSLF -->
  <testcase classname="onpepper.Data_Analytics.Tests.Export_Reports" name="export_Report_PSSL" time="0.0">
    <ignored/>
  </testcase> <!-- export_Report_PSSL -->
  <testcase classname="onpepper.Data_Analytics.Tests.Export_Reports" name="wia_PFLT_fund" time="0.0">
    <ignored/>
  </testcase> <!-- wia_PFLT_fund -->
  <testcase classname="onpepper.Data_Analytics.Tests.Export_Reports" name="view_Report_PCOF" time="0.0">
    <ignored/>
  </testcase> <!-- view_Report_PCOF -->
  <testcase classname="onpepper.Data_Analytics.Tests.Export_Reports" name="wia_PSSL_fund" time="0.0">
    <ignored/>
  </testcase> <!-- wia_PSSL_fund -->
  <testcase classname="onpepper.Data_Analytics.Tests.Export_Reports" name="use_WIA_PCOF_fund" time="0.0">
    <ignored/>
  </testcase> <!-- use_WIA_PCOF_fund -->
  <testcase classname="onpepper.Data_Analytics.Tests.Export_Reports" name="use_WIA_PSLF_fund" time="0.0">
    <ignored/>
  </testcase> <!-- use_WIA_PSLF_fund -->
  <testcase classname="onpepper.Data_Analytics.Tests.Export_Reports" name="export_Report_PFLT" time="0.0">
    <ignored/>
  </testcase> <!-- export_Report_PFLT -->
  <testcase classname="onpepper.Data_Analytics.Tests.Export_Reports" name="reuse_PFLT_fund" time="0.0">
    <ignored/>
  </testcase> <!-- reuse_PFLT_fund -->
  <testcase classname="onpepper.Data_Analytics.Tests.Export_Reports" name="view_Report_PSSL" time="0.0">
    <ignored/>
  </testcase> <!-- view_Report_PSSL -->
  <testcase classname="onpepper.Data_Analytics.Tests.Export_Reports" name="use_WIA_PFLT_fund" time="0.0">
    <ignored/>
  </testcase> <!-- use_WIA_PFLT_fund -->
  <testcase classname="onpepper.Data_Analytics.Tests.Export_Reports" name="reuse_PCOF_fund" time="0.0">
    <ignored/>
  </testcase> <!-- reuse_PCOF_fund -->
</testsuite> <!-- Default test -->
