<?xml version="1.0" encoding="UTF-8"?>
<!-- Generated by org.testng.reporters.JUnitXMLReporter -->
<testsuite ignored="0" hostname="DESKTOP-7R46V5R" failures="1" tests="1" name="Test" time="12.902" errors="0" timestamp="2026-01-08T17:12:40 IST">
  <testcase classname="onpepper.Data_Analytics.Tests.SourceFile_Upload_Validation" name="checkMandatoryFields" time="4.434">
    <failure type="java.lang.AssertionError" message="did not expect [Select Report Date] but found [Select Report Date]">
      <![CDATA[java.lang.AssertionError: did not expect [Select Report Date] but found [Select Report Date]
at onpepper.Data_Analytics.Tests.SourceFile_Upload_Validation.checkMandatoryFields(SourceFile_Upload_Validation.java:27)
at java.base/java.util.ArrayList.forEach(ArrayList.java:1511)
... Removed 32 stack frames]]>
    </failure>
  </testcase> <!-- checkMandatoryFields -->
</testsuite> <!-- Test -->
