<?xml version="1.0" encoding="UTF-8"?>
<testng-results ignored="0" total="1" passed="1" failed="0" skipped="0">
  <reporter-output>
  </reporter-output>
  <suite started-at="2026-01-08T17:28:38 IST" name="Suite" finished-at="2026-01-08T17:29:01 IST" duration-ms="22315">
    <groups>
    </groups>
    <test started-at="2026-01-08T17:28:38 IST" name="All Tests" finished-at="2026-01-08T17:29:01 IST" duration-ms="22315">
      <class name="onpepper.Data_Analytics.Tests.Generate_BaseFile_Validation">
        <test-method is-config="true" signature="launchApplication()[pri:0, instance:onpepper.Data_Analytics.Tests.Generate_BaseFile_Validation@4470fbd6]" started-at="2026-01-08T17:28:38 IST" name="launchApplication" finished-at="2026-01-08T17:28:46 IST" duration-ms="7912" status="PASS">
          <reporter-output>
          </reporter-output>
        </test-method> <!-- launchApplication -->
        <test-method signature="generatePFLT_Fund_Base_File()[pri:0, instance:onpepper.Data_Analytics.Tests.Generate_BaseFile_Validation@4470fbd6]" started-at="2026-01-08T17:28:46 IST" name="generatePFLT_Fund_Base_File" description="Scenario: Generate and verify PFLT Fund Base File*****************" finished-at="2026-01-08T17:29:00 IST" duration-ms="14055" status="PASS">
          <reporter-output>
          </reporter-output>
        </test-method> <!-- generatePFLT_Fund_Base_File -->
        <test-method is-config="true" signature="closeapplication()[pri:0, instance:onpepper.Data_Analytics.Tests.Generate_BaseFile_Validation@4470fbd6]" started-at="2026-01-08T17:29:00 IST" name="closeapplication" finished-at="2026-01-08T17:29:01 IST" duration-ms="230" status="PASS">
          <reporter-output>
          </reporter-output>
        </test-method> <!-- closeapplication -->
      </class> <!-- onpepper.Data_Analytics.Tests.Generate_BaseFile_Validation -->
    </test> <!-- All Tests -->
  </suite> <!-- Suite -->
</testng-results>
