<?xml version="1.0" encoding="UTF-8"?>
<testng-results ignored="0" total="1" passed="1" failed="0" skipped="0">
  <reporter-output>
  </reporter-output>
  <suite started-at="2025-04-10T15:33:34 IST" name="Suite" finished-at="2025-04-10T15:34:07 IST" duration-ms="32826">
    <groups>
    </groups>
    <test started-at="2025-04-10T15:33:34 IST" name="Test" finished-at="2025-04-10T15:34:07 IST" duration-ms="32826">
      <class name="onpepper.Data_Analytics.Tests.SourceFile_Upload_Validation">
        <test-method is-config="true" signature="launchApplication()[pri:0, instance:onpepper.Data_Analytics.Tests.SourceFile_Upload_Validation@2c78324b]" started-at="2025-04-10T15:33:34 IST" name="launchApplication" finished-at="2025-04-10T15:34:01 IST" duration-ms="26499" status="PASS">
          <reporter-output>
          </reporter-output>
        </test-method> <!-- launchApplication -->
        <test-method signature="checkMandatoryFields()[pri:0, instance:onpepper.Data_Analytics.Tests.SourceFile_Upload_Validation@2c78324b]" started-at="2025-04-10T15:34:01 IST" name="checkMandatoryFields" finished-at="2025-04-10T15:34:07 IST" duration-ms="6120" status="PASS">
          <reporter-output>
          </reporter-output>
        </test-method> <!-- checkMandatoryFields -->
        <test-method is-config="true" signature="closeapplication()[pri:0, instance:onpepper.Data_Analytics.Tests.SourceFile_Upload_Validation@2c78324b]" started-at="2025-04-10T15:34:07 IST" name="closeapplication" finished-at="2025-04-10T15:34:07 IST" duration-ms="159" status="PASS">
          <reporter-output>
          </reporter-output>
        </test-method> <!-- closeapplication -->
      </class> <!-- onpepper.Data_Analytics.Tests.SourceFile_Upload_Validation -->
    </test> <!-- Test -->
  </suite> <!-- Suite -->
</testng-results>
