<?xml version="1.0" encoding="UTF-8"?>
<!-- Generated by org.testng.reporters.JUnitReportReporter -->
<testsuite hostname="DESKTOP-7R46V5R" failures="0" tests="1" name="onpepper.Data_Analytics.Tests.PFLTBaseFileValidation" time="19.810" errors="0" timestamp="2025-12-01T10:50:27 IST" skipped="0">
  <testcase classname="onpepper.Data_Analytics.Tests.PFLTBaseFileValidation" name="downloadNewSecurityFileforPFLT" time="19.810"/>
  <system-out/>
</testsuite> <!-- onpepper.Data_Analytics.Tests.PFLTBaseFileValidation -->
