<?xml version="1.0" encoding="UTF-8"?>
<!-- Generated by org.testng.reporters.JUnitReportReporter -->
<testsuite hostname="DESKTOP-7R46V5R" failures="0" tests="1" name="onpepper.Data_Analytics.Tests.PCOFBaseFileValidation" time="36.700" errors="0" timestamp="2025-11-24T12:29:41 IST" skipped="0">
  <testcase classname="onpepper.Data_Analytics.Tests.PCOFBaseFileValidation" name="openPCOFBaseDataFile" time="36.700"/>
  <system-out/>
</testsuite> <!-- onpepper.Data_Analytics.Tests.PCOFBaseFileValidation -->
