<?xml version="1.0" encoding="UTF-8"?>
<!-- Generated by org.testng.reporters.JUnitReportReporter -->
<testsuite hostname="DESKTOP-7R46V5R" failures="0" tests="5" name="onpepper.Data_Analytics.Tests.Generated_PLFT_Result_Validation" time="94.467" errors="0" timestamp="2025-04-24T10:19:25 IST" skipped="4">
  <testcase classname="onpepper.Data_Analytics.Tests.Generated_PLFT_Result_Validation" name="PassedMaxIndConcentrationLargest" time="34.878">
    <skipped/>
  </testcase> <!-- PassedMaxIndConcentrationLargest -->
  <system-out/>
  <testcase classname="onpepper.Data_Analytics.Tests.Generated_PLFT_Result_Validation" name="PassedMaxIndConcentrationLargest" time="59.589"/>
  <system-out/>
  <testcase classname="onpepper.Data_Analytics.Tests.Generated_PLFT_Result_Validation" name="concentrationSwitchButtonsvalues">
    <skipped/>
  </testcase> <!-- concentrationSwitchButtonsvalues -->
  <system-out/>
  <testcase classname="onpepper.Data_Analytics.Tests.Generated_PLFT_Result_Validation" name="checksecurityBar">
    <skipped/>
  </testcase> <!-- checksecurityBar -->
  <system-out/>
  <testcase classname="onpepper.Data_Analytics.Tests.Generated_PLFT_Result_Validation" name="checkLoanTypeRowCount">
    <skipped/>
  </testcase> <!-- checkLoanTypeRowCount -->
  <system-out/>
</testsuite> <!-- onpepper.Data_Analytics.Tests.Generated_PLFT_Result_Validation -->
