<?xml version="1.0" encoding="UTF-8"?>
<!-- Generated by org.testng.reporters.JUnitReportReporter -->
<testsuite hostname="DESKTOP-7R46V5R" failures="0" tests="1" name="onpepper.Data_Analytics.Tests.DataIngestion_Validation" time="37.473" errors="0" timestamp="2025-04-25T15:43:18 IST" skipped="0">
  <testcase classname="onpepper.Data_Analytics.Tests.DataIngestion_Validation" name="createPSSLBaseDataFile" time="37.473"/>
  <system-out/>
</testsuite> <!-- onpepper.Data_Analytics.Tests.DataIngestion_Validation -->
