<?xml version="1.0" encoding="UTF-8"?>
<!-- Generated by org.testng.reporters.JUnitReportReporter -->
<testsuite hostname="DESKTOP-7R46V5R" failures="0" tests="4" name="onpepper.Data_Analytics.Tests.Generated_PCOF_Result_Validation" time="123.396" errors="0" timestamp="2025-04-23T13:59:13 IST" skipped="3">
  <testcase classname="onpepper.Data_Analytics.Tests.Generated_PCOF_Result_Validation" name="PassedIssuer" time="51.548"/>
  <system-out/>
  <testcase classname="onpepper.Data_Analytics.Tests.Generated_PCOF_Result_Validation" name="PassedIssuer" time="56.288">
    <skipped/>
  </testcase> <!-- PassedIssuer -->
  <system-out/>
  <testcase classname="onpepper.Data_Analytics.Tests.Generated_PCOF_Result_Validation" name="PassedIssuer" time="15.560">
    <skipped/>
  </testcase> <!-- PassedIssuer -->
  <system-out/>
  <testcase classname="onpepper.Data_Analytics.Tests.Generated_PCOF_Result_Validation" name="OBPD022">
    <skipped/>
  </testcase> <!-- OBPD022 -->
  <system-out/>
</testsuite> <!-- onpepper.Data_Analytics.Tests.Generated_PCOF_Result_Validation -->
