<?xml version="1.0" encoding="UTF-8"?>
<!-- Generated by org.testng.reporters.JUnitReportReporter -->
<testsuite hostname="DESKTOP-7R46V5R" failures="0" tests="6" name="onpepper.Data_Analytics.Tests.Save_Traigger_Funds" time="140.200" errors="0" timestamp="2026-01-08T16:03:37 IST" skipped="0">
  <testcase classname="onpepper.Data_Analytics.Tests.Save_Traigger_Funds" name="triggerCalculationforPSSL" time="24.489"/>
  <testcase classname="onpepper.Data_Analytics.Tests.Save_Traigger_Funds" name="triggerCalculationforPCOF" time="25.775"/>
  <testcase classname="onpepper.Data_Analytics.Tests.Save_Traigger_Funds" name="triggerCalculationforPSCF" time="25.207"/>
  <testcase classname="onpepper.Data_Analytics.Tests.Save_Traigger_Funds" name="openPCOFBaseDataFile" time="12.530"/>
  <testcase classname="onpepper.Data_Analytics.Tests.Save_Traigger_Funds" name="triggerCalculationforPFLT" time="27.115"/>
  <testcase classname="onpepper.Data_Analytics.Tests.Save_Traigger_Funds" name="triggerCalculationforPSLF" time="25.084"/>
</testsuite> <!-- onpepper.Data_Analytics.Tests.Save_Traigger_Funds -->
