<?xml version="1.0" encoding="UTF-8"?>
<!-- Generated by org.testng.reporters.JUnitReportReporter -->
<testsuite hostname="DESKTOP-7R46V5R" failures="0" tests="1" name="onpepper.Data_Analytics.Tests.Generate_BaseFile_Validation" time="22.197" errors="0" timestamp="2026-01-08T17:29:01 IST" skipped="0">
  <testcase classname="onpepper.Data_Analytics.Tests.Generate_BaseFile_Validation" name="generatePFLT_Fund_Base_File" time="22.197"/>
</testsuite> <!-- onpepper.Data_Analytics.Tests.Generate_BaseFile_Validation -->
